<?xml version="1.0" encoding="UTF-8"?>
<!-- Generated by org.testng.reporters.JUnitReportReporter -->
<testsuite skipped="0" hostname="Erans-MacBook-Pro-2.local" name="task.WebsiteMonitoring" tests="1" failures="0" timestamp="05 Aug 2022 20:17:03 GMT" time="3.639" errors="0">
  <testcase name="runTask" time="3.639" classname="task.WebsiteMonitoring"/>
</testsuite> <!-- task.WebsiteMonitoring -->
