<?xml version="1.0" encoding="UTF-8"?>
<!-- Generated by org.testng.reporters.JUnitReportReporter -->
<testsuite skipped="0" hostname="Erans-MacBook-Pro-2.local" name="task.WebsiteMonitoring" tests="1" failures="0" timestamp="2022-08-05T12:43:28 PDT" time="12.461" errors="0">
  <testcase name="runTask" time="12.461" classname="task.WebsiteMonitoring"/>
  <system-out/>
</testsuite> <!-- task.WebsiteMonitoring -->
